0 info it worked if it ends with ok
1 verbose cli [ 'D:\\Packages\\nodejs\\node.exe',
1 verbose cli   'D:\\Packages\\nodejs\\node_modules\\npm\\bin\\npm-cli.js',
1 verbose cli   'install',
1 verbose cli   'rsa' ]
2 info using npm@3.7.3
3 info using node@v5.9.0
4 silly loadCurrentTree Starting
5 silly install loadCurrentTree
6 silly install readLocalPackageData
7 silly fetchPackageMetaData rsa
8 silly fetchNamedPackageData rsa
9 silly mapToRegistry name rsa
10 silly mapToRegistry using default registry
11 silly mapToRegistry registry https://registry.npmjs.org/
12 silly mapToRegistry uri https://registry.npmjs.org/rsa
13 verbose request uri https://registry.npmjs.org/rsa
14 verbose request no auth needed
15 info attempt registry request try #1 at 16:45:16
16 verbose request id 9233884b57b9ea86
17 http request GET https://registry.npmjs.org/rsa
18 http 200 https://registry.npmjs.org/rsa
19 verbose headers { server: 'CouchDB/1.5.0 (Erlang OTP/R16B03)',
19 verbose headers   etag: '"CC1Q8VMNPNI5KIEONMMHZ3CXO"',
19 verbose headers   'content-type': 'application/json',
19 verbose headers   'cache-control': 'max-age=300',
19 verbose headers   'content-length': '3346',
19 verbose headers   'accept-ranges': 'bytes',
19 verbose headers   date: 'Thu, 24 Mar 2016 20:45:14 GMT',
19 verbose headers   via: '1.1 varnish',
19 verbose headers   age: '0',
19 verbose headers   connection: 'keep-alive',
19 verbose headers   'x-served-by': 'cache-ord1721-ORD',
19 verbose headers   'x-cache': 'MISS',
19 verbose headers   'x-cache-hits': '0',
19 verbose headers   'x-timer': 'S1458852314.137976,VS0,VE45',
19 verbose headers   vary: 'Accept' }
20 silly get cb [ 200,
20 silly get   { server: 'CouchDB/1.5.0 (Erlang OTP/R16B03)',
20 silly get     etag: '"CC1Q8VMNPNI5KIEONMMHZ3CXO"',
20 silly get     'content-type': 'application/json',
20 silly get     'cache-control': 'max-age=300',
20 silly get     'content-length': '3346',
20 silly get     'accept-ranges': 'bytes',
20 silly get     date: 'Thu, 24 Mar 2016 20:45:14 GMT',
20 silly get     via: '1.1 varnish',
20 silly get     age: '0',
20 silly get     connection: 'keep-alive',
20 silly get     'x-served-by': 'cache-ord1721-ORD',
20 silly get     'x-cache': 'MISS',
20 silly get     'x-cache-hits': '0',
20 silly get     'x-timer': 'S1458852314.137976,VS0,VE45',
20 silly get     vary: 'Accept' } ]
21 verbose get saving rsa to C:\Users\Hayden\AppData\Roaming\npm-cache\registry.npmjs.org\rsa\.cache.json
22 verbose correctMkdir C:\Users\Hayden\AppData\Roaming\npm-cache correctMkdir not in flight; initializing
23 silly install normalizeTree
24 silly loadCurrentTree Finishing
25 silly loadIdealTree Starting
26 silly install loadIdealTree
27 silly cloneCurrentTree Starting
28 silly install cloneCurrentTreeToIdealTree
29 silly cloneCurrentTree Finishing
30 silly loadShrinkwrap Starting
31 silly install loadShrinkwrap
32 silly loadShrinkwrap Finishing
33 silly loadAllDepsIntoIdealTree Starting
34 silly install loadAllDepsIntoIdealTree
35 silly resolveWithNewModule rsa@0.0.3 checking installable status
36 silly cache add args [ 'rsa', null ]
37 verbose cache add spec rsa
38 silly cache add parsed spec Result {
38 silly cache add   raw: 'rsa',
38 silly cache add   scope: null,
38 silly cache add   name: 'rsa',
38 silly cache add   rawSpec: '',
38 silly cache add   spec: 'latest',
38 silly cache add   type: 'tag' }
39 silly addNamed rsa@latest
40 verbose addNamed "latest" is being treated as a dist-tag for rsa
41 info addNameTag [ 'rsa', 'latest' ]
42 silly mapToRegistry name rsa
43 silly mapToRegistry using default registry
44 silly mapToRegistry registry https://registry.npmjs.org/
45 silly mapToRegistry uri https://registry.npmjs.org/rsa
46 verbose addNameTag registry:https://registry.npmjs.org/rsa not in flight; fetching
47 verbose get https://registry.npmjs.org/rsa not expired, no request
48 silly addNameTag next cb for rsa with tag latest
49 silly addNamed rsa@0.0.3
50 verbose addNamed "0.0.3" is a plain semver version for rsa
51 silly mapToRegistry name rsa
52 silly mapToRegistry using default registry
53 silly mapToRegistry registry https://registry.npmjs.org/
54 silly mapToRegistry uri https://registry.npmjs.org/rsa
55 verbose addRemoteTarball https://registry.npmjs.org/rsa/-/rsa-0.0.3.tgz not in flight; adding
56 verbose addRemoteTarball [ 'https://registry.npmjs.org/rsa/-/rsa-0.0.3.tgz',
56 verbose addRemoteTarball   'ebb60db89004c602c134fe93be9414b97abbad20' ]
57 info retry fetch attempt 1 at 16:45:16
58 info attempt registry request try #1 at 16:45:16
59 http fetch GET https://registry.npmjs.org/rsa/-/rsa-0.0.3.tgz
60 http fetch 200 https://registry.npmjs.org/rsa/-/rsa-0.0.3.tgz
61 silly fetchAndShaCheck shasum ebb60db89004c602c134fe93be9414b97abbad20
62 verbose addTmpTarball C:\Users\Hayden\AppData\Local\Temp\npm-9188-f596af56\registry.npmjs.org\rsa\-\rsa-0.0.3.tgz not in flight; adding
63 verbose addTmpTarball already have metadata; skipping unpack for rsa@0.0.3
64 verbose correctMkdir C:\Users\Hayden\AppData\Roaming\npm-cache correctMkdir not in flight; initializing
65 silly cache afterAdd rsa@0.0.3
66 verbose afterAdd C:\Users\Hayden\AppData\Roaming\npm-cache\rsa\0.0.3\package\package.json not in flight; writing
67 verbose correctMkdir C:\Users\Hayden\AppData\Roaming\npm-cache correctMkdir not in flight; initializing
68 verbose afterAdd C:\Users\Hayden\AppData\Roaming\npm-cache\rsa\0.0.3\package\package.json written
69 silly loadAllDepsIntoIdealTree Finishing
70 silly idealTree:prePrune dnp2p@1.0.0
70 silly idealTree:prePrune +-- accepts@1.2.13
70 silly idealTree:prePrune +-- ansi-regex@2.0.0
70 silly idealTree:prePrune +-- ansi-styles@2.2.0
70 silly idealTree:prePrune +-- array-flatten@1.1.1
70 silly idealTree:prePrune +-- asn1@0.2.3
70 silly idealTree:prePrune +-- assert-plus@0.1.5
70 silly idealTree:prePrune +-- async@1.5.2
70 silly idealTree:prePrune +-- aws-sign2@0.6.0
70 silly idealTree:prePrune +-- bl@1.0.3
70 silly idealTree:prePrune +-- body-parser@1.14.1
70 silly idealTree:prePrune +-- boom@2.10.1
70 silly idealTree:prePrune +-- bytes@2.1.0
70 silly idealTree:prePrune +-- caseless@0.11.0
70 silly idealTree:prePrune +-- chalk@1.1.1
70 silly idealTree:prePrune +-- charenc@0.0.1
70 silly idealTree:prePrune +-- color-convert@1.0.0
70 silly idealTree:prePrune +-- combined-stream@1.0.5
70 silly idealTree:prePrune +-- commander@2.9.0
70 silly idealTree:prePrune +-- configstore@1.4.0
70 silly idealTree:prePrune +-- content-disposition@0.5.0
70 silly idealTree:prePrune +-- content-type@1.0.1
70 silly idealTree:prePrune +-- cookie-signature@1.0.6
70 silly idealTree:prePrune +-- cookie@0.1.3
70 silly idealTree:prePrune +-- core-util-is@1.0.2
70 silly idealTree:prePrune +-- crypt@0.0.1
70 silly idealTree:prePrune +-- cryptiles@2.0.5
70 silly idealTree:prePrune +-- ctype@0.5.3
70 silly idealTree:prePrune +-- debug@2.2.0
70 silly idealTree:prePrune +-- deep-extend@0.4.1
70 silly idealTree:prePrune +-- defaultable@0.7.2
70 silly idealTree:prePrune +-- defekt@0.0.2
70 silly idealTree:prePrune +-- define-properties@1.1.2
70 silly idealTree:prePrune +-- delayed-stream@1.0.0
70 silly idealTree:prePrune +-- depd@1.1.0
70 silly idealTree:prePrune +-- destroy@1.0.3
70 silly idealTree:prePrune +-- dnsd@0.9.6
70 silly idealTree:prePrune +-- duplexify@3.4.3
70 silly idealTree:prePrune +-- ee-first@1.1.1
70 silly idealTree:prePrune +-- end-of-stream@1.0.0
70 silly idealTree:prePrune +-- ensurethat@0.2.2
70 silly idealTree:prePrune | +-- lodash@3.2.0
70 silly idealTree:prePrune | `-- require-all@1.0.0
70 silly idealTree:prePrune +-- es-abstract@1.5.0
70 silly idealTree:prePrune +-- es-to-primitive@1.1.1
70 silly idealTree:prePrune +-- escape-html@1.0.2
70 silly idealTree:prePrune +-- escape-string-regexp@1.0.5
70 silly idealTree:prePrune +-- etag@1.7.0
70 silly idealTree:prePrune +-- eventemitter2@0.4.14
70 silly idealTree:prePrune +-- express@4.13.3
70 silly idealTree:prePrune | +-- depd@1.0.1
70 silly idealTree:prePrune | `-- qs@4.0.0
70 silly idealTree:prePrune +-- extend@3.0.0
70 silly idealTree:prePrune +-- finalhandler@0.4.0
70 silly idealTree:prePrune +-- find-root@0.1.1
70 silly idealTree:prePrune +-- flaschenpost@0.10.1
70 silly idealTree:prePrune +-- foreach@2.0.5
70 silly idealTree:prePrune +-- forever-agent@0.6.1
70 silly idealTree:prePrune +-- form-data@1.0.0-rc4
70 silly idealTree:prePrune +-- forwarded@0.1.0
70 silly idealTree:prePrune +-- fresh@0.3.0
70 silly idealTree:prePrune +-- function-bind@1.1.0
70 silly idealTree:prePrune +-- generate-function@2.0.0
70 silly idealTree:prePrune +-- generate-object-property@1.2.0
70 silly idealTree:prePrune +-- got@3.3.1
70 silly idealTree:prePrune | `-- object-assign@3.0.0
70 silly idealTree:prePrune +-- graceful-fs@4.1.3
70 silly idealTree:prePrune +-- graceful-readlink@1.0.1
70 silly idealTree:prePrune +-- har-validator@2.0.6
70 silly idealTree:prePrune +-- has-ansi@2.0.0
70 silly idealTree:prePrune +-- hawk@3.1.3
70 silly idealTree:prePrune +-- hoek@2.16.3
70 silly idealTree:prePrune +-- http-errors@1.3.1
70 silly idealTree:prePrune +-- http-signature@0.11.0
70 silly idealTree:prePrune | `-- asn1@0.1.11
70 silly idealTree:prePrune +-- iconv-lite@0.4.12
70 silly idealTree:prePrune +-- imurmurhash@0.1.4
70 silly idealTree:prePrune +-- infinity-agent@2.0.3
70 silly idealTree:prePrune +-- inherits@2.0.1
70 silly idealTree:prePrune +-- ini@1.3.4
70 silly idealTree:prePrune +-- ipaddr.js@1.0.5
70 silly idealTree:prePrune +-- is-callable@1.1.3
70 silly idealTree:prePrune +-- is-date-object@1.0.1
70 silly idealTree:prePrune +-- is-finite@1.0.1
70 silly idealTree:prePrune +-- is-my-json-valid@2.13.1
70 silly idealTree:prePrune +-- is-npm@1.0.0
70 silly idealTree:prePrune +-- is-plain-obj@1.1.0
70 silly idealTree:prePrune +-- is-property@1.0.2
70 silly idealTree:prePrune +-- is-redirect@1.0.0
70 silly idealTree:prePrune +-- is-regex@1.0.3
70 silly idealTree:prePrune +-- is-regexp@1.0.0
70 silly idealTree:prePrune +-- is-stream@1.0.1
70 silly idealTree:prePrune +-- is-symbol@1.0.1
70 silly idealTree:prePrune +-- isarray@1.0.0
70 silly idealTree:prePrune +-- isstream@0.1.2
70 silly idealTree:prePrune +-- json-stringify-safe@5.0.1
70 silly idealTree:prePrune +-- jsonpointer@2.0.0
70 silly idealTree:prePrune +-- latest-version@1.0.1
70 silly idealTree:prePrune +-- lodash@3.10.1
70 silly idealTree:prePrune +-- lowercase-keys@1.0.0
70 silly idealTree:prePrune +-- media-typer@0.3.0
70 silly idealTree:prePrune +-- merge-descriptors@1.0.0
70 silly idealTree:prePrune +-- methods@1.1.2
70 silly idealTree:prePrune +-- mime-db@1.22.0
70 silly idealTree:prePrune +-- mime-types@2.1.10
70 silly idealTree:prePrune +-- mime@1.3.4
70 silly idealTree:prePrune +-- minimist@0.0.8
70 silly idealTree:prePrune +-- mkdirp@0.5.1
70 silly idealTree:prePrune +-- moment@2.10.6
70 silly idealTree:prePrune +-- ms@0.7.1
70 silly idealTree:prePrune +-- negotiator@0.5.3
70 silly idealTree:prePrune +-- nested-error-stacks@1.0.2
70 silly idealTree:prePrune +-- node-rsa@0.3.2
70 silly idealTree:prePrune +-- node-uuid@1.4.7
70 silly idealTree:prePrune +-- number-is-nan@1.0.0
70 silly idealTree:prePrune +-- oauth-sign@0.8.1
70 silly idealTree:prePrune +-- object-assign@4.0.1
70 silly idealTree:prePrune +-- object-keys@1.0.9
70 silly idealTree:prePrune +-- on-finished@2.3.0
70 silly idealTree:prePrune +-- once@1.3.3
70 silly idealTree:prePrune +-- optimist@0.3.7
70 silly idealTree:prePrune +-- os-homedir@1.0.1
70 silly idealTree:prePrune +-- os-tmpdir@1.0.1
70 silly idealTree:prePrune +-- osenv@0.1.3
70 silly idealTree:prePrune +-- p2p@0.10.2
70 silly idealTree:prePrune +-- package-json@1.2.0
70 silly idealTree:prePrune +-- parse-duration@0.1.1
70 silly idealTree:prePrune +-- parseurl@1.3.1
70 silly idealTree:prePrune +-- path-to-regexp@0.1.7
70 silly idealTree:prePrune +-- pinkie-promise@2.0.0
70 silly idealTree:prePrune +-- pinkie@2.0.4
70 silly idealTree:prePrune +-- prepend-http@1.0.3
70 silly idealTree:prePrune +-- process-nextick-args@1.0.6
70 silly idealTree:prePrune +-- processenv@0.1.0
70 silly idealTree:prePrune +-- proxy-addr@1.0.10
70 silly idealTree:prePrune +-- qs@5.1.0
70 silly idealTree:prePrune +-- random-int@1.0.0
70 silly idealTree:prePrune +-- range-parser@1.0.3
70 silly idealTree:prePrune +-- raw-body@2.1.6
70 silly idealTree:prePrune | +-- bytes@2.3.0
70 silly idealTree:prePrune | `-- iconv-lite@0.4.13
70 silly idealTree:prePrune +-- rc@1.1.6
70 silly idealTree:prePrune | `-- minimist@1.2.0
70 silly idealTree:prePrune +-- read-all-stream@3.1.0
70 silly idealTree:prePrune +-- readable-stream@2.0.6
70 silly idealTree:prePrune +-- registry-url@3.0.3
70 silly idealTree:prePrune +-- repeating@1.1.3
70 silly idealTree:prePrune +-- request@2.65.0
70 silly idealTree:prePrune | `-- qs@5.2.0
70 silly idealTree:prePrune +-- require-all@1.1.0
70 silly idealTree:prePrune +-- rsa@0.0.3
70 silly idealTree:prePrune +-- semver-diff@2.1.0
70 silly idealTree:prePrune +-- semver@5.1.0
70 silly idealTree:prePrune +-- send@0.13.0
70 silly idealTree:prePrune | `-- depd@1.0.1
70 silly idealTree:prePrune +-- serve-static@1.10.2
70 silly idealTree:prePrune | +-- destroy@1.0.4
70 silly idealTree:prePrune | +-- escape-html@1.0.3
70 silly idealTree:prePrune | `-- send@0.13.1
70 silly idealTree:prePrune +-- sha1@1.1.1
70 silly idealTree:prePrune +-- slide@1.1.6
70 silly idealTree:prePrune +-- sntp@1.0.9
70 silly idealTree:prePrune +-- split2@1.0.0
70 silly idealTree:prePrune +-- stack-trace@0.0.9
70 silly idealTree:prePrune +-- statuses@1.2.1
70 silly idealTree:prePrune +-- string_decoder@0.10.31
70 silly idealTree:prePrune +-- string-length@1.0.1
70 silly idealTree:prePrune +-- string.prototype.padleft@2.0.0
70 silly idealTree:prePrune +-- stringify-object@2.3.0
70 silly idealTree:prePrune +-- stringstream@0.0.5
70 silly idealTree:prePrune +-- strip-ansi@3.0.1
70 silly idealTree:prePrune +-- strip-json-comments@1.0.4
70 silly idealTree:prePrune +-- supports-color@2.0.0
70 silly idealTree:prePrune +-- through2@2.0.1
70 silly idealTree:prePrune +-- timed-out@2.0.0
70 silly idealTree:prePrune +-- timer2@0.2.3
70 silly idealTree:prePrune +-- tough-cookie@2.2.2
70 silly idealTree:prePrune +-- tunnel-agent@0.4.2
70 silly idealTree:prePrune +-- type-is@1.6.12
70 silly idealTree:prePrune +-- underscore@1.8.3
70 silly idealTree:prePrune +-- unpipe@1.0.0
70 silly idealTree:prePrune +-- update-notifier@0.5.0
70 silly idealTree:prePrune +-- util-deprecate@1.0.2
70 silly idealTree:prePrune +-- utils-merge@1.0.0
70 silly idealTree:prePrune +-- uuid@2.0.1
70 silly idealTree:prePrune +-- uuidv4@0.3.1
70 silly idealTree:prePrune +-- varname@2.0.0
70 silly idealTree:prePrune +-- vary@1.0.1
70 silly idealTree:prePrune +-- verbal-expressions@0.1.2
70 silly idealTree:prePrune +-- wordwrap@0.0.3
70 silly idealTree:prePrune +-- wrappy@1.0.1
70 silly idealTree:prePrune +-- write-file-atomic@1.1.4
70 silly idealTree:prePrune +-- xdg-basedir@2.0.0
70 silly idealTree:prePrune `-- xtend@4.0.1
71 silly loadIdealTree Finishing
72 silly currentTree dnp2p@1.0.0
72 silly currentTree +-- accepts@1.2.13
72 silly currentTree +-- ansi-regex@2.0.0
72 silly currentTree +-- ansi-styles@2.2.0
72 silly currentTree +-- array-flatten@1.1.1
72 silly currentTree +-- asn1@0.2.3
72 silly currentTree +-- assert-plus@0.1.5
72 silly currentTree +-- async@1.5.2
72 silly currentTree +-- aws-sign2@0.6.0
72 silly currentTree +-- bl@1.0.3
72 silly currentTree +-- body-parser@1.14.1
72 silly currentTree +-- boom@2.10.1
72 silly currentTree +-- bytes@2.1.0
72 silly currentTree +-- caseless@0.11.0
72 silly currentTree +-- chalk@1.1.1
72 silly currentTree +-- charenc@0.0.1
72 silly currentTree +-- color-convert@1.0.0
72 silly currentTree +-- combined-stream@1.0.5
72 silly currentTree +-- commander@2.9.0
72 silly currentTree +-- configstore@1.4.0
72 silly currentTree +-- content-disposition@0.5.0
72 silly currentTree +-- content-type@1.0.1
72 silly currentTree +-- cookie-signature@1.0.6
72 silly currentTree +-- cookie@0.1.3
72 silly currentTree +-- core-util-is@1.0.2
72 silly currentTree +-- crypt@0.0.1
72 silly currentTree +-- cryptiles@2.0.5
72 silly currentTree +-- ctype@0.5.3
72 silly currentTree +-- debug@2.2.0
72 silly currentTree +-- deep-extend@0.4.1
72 silly currentTree +-- defaultable@0.7.2
72 silly currentTree +-- defekt@0.0.2
72 silly currentTree +-- define-properties@1.1.2
72 silly currentTree +-- delayed-stream@1.0.0
72 silly currentTree +-- depd@1.1.0
72 silly currentTree +-- destroy@1.0.3
72 silly currentTree +-- dnsd@0.9.6
72 silly currentTree +-- duplexify@3.4.3
72 silly currentTree +-- ee-first@1.1.1
72 silly currentTree +-- end-of-stream@1.0.0
72 silly currentTree +-- ensurethat@0.2.2
72 silly currentTree | +-- lodash@3.2.0
72 silly currentTree | `-- require-all@1.0.0
72 silly currentTree +-- es-abstract@1.5.0
72 silly currentTree +-- es-to-primitive@1.1.1
72 silly currentTree +-- escape-html@1.0.2
72 silly currentTree +-- escape-string-regexp@1.0.5
72 silly currentTree +-- etag@1.7.0
72 silly currentTree +-- eventemitter2@0.4.14
72 silly currentTree +-- express@4.13.3
72 silly currentTree | +-- depd@1.0.1
72 silly currentTree | `-- qs@4.0.0
72 silly currentTree +-- extend@3.0.0
72 silly currentTree +-- finalhandler@0.4.0
72 silly currentTree +-- find-root@0.1.1
72 silly currentTree +-- flaschenpost@0.10.1
72 silly currentTree +-- foreach@2.0.5
72 silly currentTree +-- forever-agent@0.6.1
72 silly currentTree +-- form-data@1.0.0-rc4
72 silly currentTree +-- forwarded@0.1.0
72 silly currentTree +-- fresh@0.3.0
72 silly currentTree +-- function-bind@1.1.0
72 silly currentTree +-- generate-function@2.0.0
72 silly currentTree +-- generate-object-property@1.2.0
72 silly currentTree +-- got@3.3.1
72 silly currentTree | `-- object-assign@3.0.0
72 silly currentTree +-- graceful-fs@4.1.3
72 silly currentTree +-- graceful-readlink@1.0.1
72 silly currentTree +-- har-validator@2.0.6
72 silly currentTree +-- has-ansi@2.0.0
72 silly currentTree +-- hawk@3.1.3
72 silly currentTree +-- hoek@2.16.3
72 silly currentTree +-- http-errors@1.3.1
72 silly currentTree +-- http-signature@0.11.0
72 silly currentTree | `-- asn1@0.1.11
72 silly currentTree +-- iconv-lite@0.4.12
72 silly currentTree +-- imurmurhash@0.1.4
72 silly currentTree +-- infinity-agent@2.0.3
72 silly currentTree +-- inherits@2.0.1
72 silly currentTree +-- ini@1.3.4
72 silly currentTree +-- ipaddr.js@1.0.5
72 silly currentTree +-- is-callable@1.1.3
72 silly currentTree +-- is-date-object@1.0.1
72 silly currentTree +-- is-finite@1.0.1
72 silly currentTree +-- is-my-json-valid@2.13.1
72 silly currentTree +-- is-npm@1.0.0
72 silly currentTree +-- is-plain-obj@1.1.0
72 silly currentTree +-- is-property@1.0.2
72 silly currentTree +-- is-redirect@1.0.0
72 silly currentTree +-- is-regex@1.0.3
72 silly currentTree +-- is-regexp@1.0.0
72 silly currentTree +-- is-stream@1.0.1
72 silly currentTree +-- is-symbol@1.0.1
72 silly currentTree +-- isarray@1.0.0
72 silly currentTree +-- isstream@0.1.2
72 silly currentTree +-- json-stringify-safe@5.0.1
72 silly currentTree +-- jsonpointer@2.0.0
72 silly currentTree +-- latest-version@1.0.1
72 silly currentTree +-- lodash@3.10.1
72 silly currentTree +-- lowercase-keys@1.0.0
72 silly currentTree +-- media-typer@0.3.0
72 silly currentTree +-- merge-descriptors@1.0.0
72 silly currentTree +-- methods@1.1.2
72 silly currentTree +-- mime-db@1.22.0
72 silly currentTree +-- mime-types@2.1.10
72 silly currentTree +-- mime@1.3.4
72 silly currentTree +-- minimist@0.0.8
72 silly currentTree +-- mkdirp@0.5.1
72 silly currentTree +-- moment@2.10.6
72 silly currentTree +-- ms@0.7.1
72 silly currentTree +-- negotiator@0.5.3
72 silly currentTree +-- nested-error-stacks@1.0.2
72 silly currentTree +-- node-rsa@0.3.2
72 silly currentTree +-- node-uuid@1.4.7
72 silly currentTree +-- number-is-nan@1.0.0
72 silly currentTree +-- oauth-sign@0.8.1
72 silly currentTree +-- object-assign@4.0.1
72 silly currentTree +-- object-keys@1.0.9
72 silly currentTree +-- on-finished@2.3.0
72 silly currentTree +-- once@1.3.3
72 silly currentTree +-- optimist@0.3.7
72 silly currentTree +-- os-homedir@1.0.1
72 silly currentTree +-- os-tmpdir@1.0.1
72 silly currentTree +-- osenv@0.1.3
72 silly currentTree +-- p2p@0.10.2
72 silly currentTree +-- package-json@1.2.0
72 silly currentTree +-- parse-duration@0.1.1
72 silly currentTree +-- parseurl@1.3.1
72 silly currentTree +-- path-to-regexp@0.1.7
72 silly currentTree +-- pinkie-promise@2.0.0
72 silly currentTree +-- pinkie@2.0.4
72 silly currentTree +-- prepend-http@1.0.3
72 silly currentTree +-- process-nextick-args@1.0.6
72 silly currentTree +-- processenv@0.1.0
72 silly currentTree +-- proxy-addr@1.0.10
72 silly currentTree +-- qs@5.1.0
72 silly currentTree +-- random-int@1.0.0
72 silly currentTree +-- range-parser@1.0.3
72 silly currentTree +-- raw-body@2.1.6
72 silly currentTree | +-- bytes@2.3.0
72 silly currentTree | `-- iconv-lite@0.4.13
72 silly currentTree +-- rc@1.1.6
72 silly currentTree | `-- minimist@1.2.0
72 silly currentTree +-- read-all-stream@3.1.0
72 silly currentTree +-- readable-stream@2.0.6
72 silly currentTree +-- registry-url@3.0.3
72 silly currentTree +-- repeating@1.1.3
72 silly currentTree +-- request@2.65.0
72 silly currentTree | `-- qs@5.2.0
72 silly currentTree +-- require-all@1.1.0
72 silly currentTree +-- semver-diff@2.1.0
72 silly currentTree +-- semver@5.1.0
72 silly currentTree +-- send@0.13.0
72 silly currentTree | `-- depd@1.0.1
72 silly currentTree +-- serve-static@1.10.2
72 silly currentTree | +-- destroy@1.0.4
72 silly currentTree | +-- escape-html@1.0.3
72 silly currentTree | `-- send@0.13.1
72 silly currentTree +-- sha1@1.1.1
72 silly currentTree +-- slide@1.1.6
72 silly currentTree +-- sntp@1.0.9
72 silly currentTree +-- split2@1.0.0
72 silly currentTree +-- stack-trace@0.0.9
72 silly currentTree +-- statuses@1.2.1
72 silly currentTree +-- string_decoder@0.10.31
72 silly currentTree +-- string-length@1.0.1
72 silly currentTree +-- string.prototype.padleft@2.0.0
72 silly currentTree +-- stringify-object@2.3.0
72 silly currentTree +-- stringstream@0.0.5
72 silly currentTree +-- strip-ansi@3.0.1
72 silly currentTree +-- strip-json-comments@1.0.4
72 silly currentTree +-- supports-color@2.0.0
72 silly currentTree +-- through2@2.0.1
72 silly currentTree +-- timed-out@2.0.0
72 silly currentTree +-- timer2@0.2.3
72 silly currentTree +-- tough-cookie@2.2.2
72 silly currentTree +-- tunnel-agent@0.4.2
72 silly currentTree +-- type-is@1.6.12
72 silly currentTree +-- underscore@1.8.3
72 silly currentTree +-- unpipe@1.0.0
72 silly currentTree +-- update-notifier@0.5.0
72 silly currentTree +-- util-deprecate@1.0.2
72 silly currentTree +-- utils-merge@1.0.0
72 silly currentTree +-- uuid@2.0.1
72 silly currentTree +-- uuidv4@0.3.1
72 silly currentTree +-- varname@2.0.0
72 silly currentTree +-- vary@1.0.1
72 silly currentTree +-- verbal-expressions@0.1.2
72 silly currentTree +-- wordwrap@0.0.3
72 silly currentTree +-- wrappy@1.0.1
72 silly currentTree +-- write-file-atomic@1.1.4
72 silly currentTree +-- xdg-basedir@2.0.0
72 silly currentTree `-- xtend@4.0.1
73 silly idealTree dnp2p@1.0.0
73 silly idealTree +-- accepts@1.2.13
73 silly idealTree +-- ansi-regex@2.0.0
73 silly idealTree +-- ansi-styles@2.2.0
73 silly idealTree +-- array-flatten@1.1.1
73 silly idealTree +-- asn1@0.2.3
73 silly idealTree +-- assert-plus@0.1.5
73 silly idealTree +-- async@1.5.2
73 silly idealTree +-- aws-sign2@0.6.0
73 silly idealTree +-- bl@1.0.3
73 silly idealTree +-- body-parser@1.14.1
73 silly idealTree +-- boom@2.10.1
73 silly idealTree +-- bytes@2.1.0
73 silly idealTree +-- caseless@0.11.0
73 silly idealTree +-- chalk@1.1.1
73 silly idealTree +-- charenc@0.0.1
73 silly idealTree +-- color-convert@1.0.0
73 silly idealTree +-- combined-stream@1.0.5
73 silly idealTree +-- commander@2.9.0
73 silly idealTree +-- configstore@1.4.0
73 silly idealTree +-- content-disposition@0.5.0
73 silly idealTree +-- content-type@1.0.1
73 silly idealTree +-- cookie-signature@1.0.6
73 silly idealTree +-- cookie@0.1.3
73 silly idealTree +-- core-util-is@1.0.2
73 silly idealTree +-- crypt@0.0.1
73 silly idealTree +-- cryptiles@2.0.5
73 silly idealTree +-- ctype@0.5.3
73 silly idealTree +-- debug@2.2.0
73 silly idealTree +-- deep-extend@0.4.1
73 silly idealTree +-- defaultable@0.7.2
73 silly idealTree +-- defekt@0.0.2
73 silly idealTree +-- define-properties@1.1.2
73 silly idealTree +-- delayed-stream@1.0.0
73 silly idealTree +-- depd@1.1.0
73 silly idealTree +-- destroy@1.0.3
73 silly idealTree +-- dnsd@0.9.6
73 silly idealTree +-- duplexify@3.4.3
73 silly idealTree +-- ee-first@1.1.1
73 silly idealTree +-- end-of-stream@1.0.0
73 silly idealTree +-- ensurethat@0.2.2
73 silly idealTree | +-- lodash@3.2.0
73 silly idealTree | `-- require-all@1.0.0
73 silly idealTree +-- es-abstract@1.5.0
73 silly idealTree +-- es-to-primitive@1.1.1
73 silly idealTree +-- escape-html@1.0.2
73 silly idealTree +-- escape-string-regexp@1.0.5
73 silly idealTree +-- etag@1.7.0
73 silly idealTree +-- eventemitter2@0.4.14
73 silly idealTree +-- express@4.13.3
73 silly idealTree | +-- depd@1.0.1
73 silly idealTree | `-- qs@4.0.0
73 silly idealTree +-- extend@3.0.0
73 silly idealTree +-- finalhandler@0.4.0
73 silly idealTree +-- find-root@0.1.1
73 silly idealTree +-- flaschenpost@0.10.1
73 silly idealTree +-- foreach@2.0.5
73 silly idealTree +-- forever-agent@0.6.1
73 silly idealTree +-- form-data@1.0.0-rc4
73 silly idealTree +-- forwarded@0.1.0
73 silly idealTree +-- fresh@0.3.0
73 silly idealTree +-- function-bind@1.1.0
73 silly idealTree +-- generate-function@2.0.0
73 silly idealTree +-- generate-object-property@1.2.0
73 silly idealTree +-- got@3.3.1
73 silly idealTree | `-- object-assign@3.0.0
73 silly idealTree +-- graceful-fs@4.1.3
73 silly idealTree +-- graceful-readlink@1.0.1
73 silly idealTree +-- har-validator@2.0.6
73 silly idealTree +-- has-ansi@2.0.0
73 silly idealTree +-- hawk@3.1.3
73 silly idealTree +-- hoek@2.16.3
73 silly idealTree +-- http-errors@1.3.1
73 silly idealTree +-- http-signature@0.11.0
73 silly idealTree | `-- asn1@0.1.11
73 silly idealTree +-- iconv-lite@0.4.12
73 silly idealTree +-- imurmurhash@0.1.4
73 silly idealTree +-- infinity-agent@2.0.3
73 silly idealTree +-- inherits@2.0.1
73 silly idealTree +-- ini@1.3.4
73 silly idealTree +-- ipaddr.js@1.0.5
73 silly idealTree +-- is-callable@1.1.3
73 silly idealTree +-- is-date-object@1.0.1
73 silly idealTree +-- is-finite@1.0.1
73 silly idealTree +-- is-my-json-valid@2.13.1
73 silly idealTree +-- is-npm@1.0.0
73 silly idealTree +-- is-plain-obj@1.1.0
73 silly idealTree +-- is-property@1.0.2
73 silly idealTree +-- is-redirect@1.0.0
73 silly idealTree +-- is-regex@1.0.3
73 silly idealTree +-- is-regexp@1.0.0
73 silly idealTree +-- is-stream@1.0.1
73 silly idealTree +-- is-symbol@1.0.1
73 silly idealTree +-- isarray@1.0.0
73 silly idealTree +-- isstream@0.1.2
73 silly idealTree +-- json-stringify-safe@5.0.1
73 silly idealTree +-- jsonpointer@2.0.0
73 silly idealTree +-- latest-version@1.0.1
73 silly idealTree +-- lodash@3.10.1
73 silly idealTree +-- lowercase-keys@1.0.0
73 silly idealTree +-- media-typer@0.3.0
73 silly idealTree +-- merge-descriptors@1.0.0
73 silly idealTree +-- methods@1.1.2
73 silly idealTree +-- mime-db@1.22.0
73 silly idealTree +-- mime-types@2.1.10
73 silly idealTree +-- mime@1.3.4
73 silly idealTree +-- minimist@0.0.8
73 silly idealTree +-- mkdirp@0.5.1
73 silly idealTree +-- moment@2.10.6
73 silly idealTree +-- ms@0.7.1
73 silly idealTree +-- negotiator@0.5.3
73 silly idealTree +-- nested-error-stacks@1.0.2
73 silly idealTree +-- node-rsa@0.3.2
73 silly idealTree +-- node-uuid@1.4.7
73 silly idealTree +-- number-is-nan@1.0.0
73 silly idealTree +-- oauth-sign@0.8.1
73 silly idealTree +-- object-assign@4.0.1
73 silly idealTree +-- object-keys@1.0.9
73 silly idealTree +-- on-finished@2.3.0
73 silly idealTree +-- once@1.3.3
73 silly idealTree +-- optimist@0.3.7
73 silly idealTree +-- os-homedir@1.0.1
73 silly idealTree +-- os-tmpdir@1.0.1
73 silly idealTree +-- osenv@0.1.3
73 silly idealTree +-- p2p@0.10.2
73 silly idealTree +-- package-json@1.2.0
73 silly idealTree +-- parse-duration@0.1.1
73 silly idealTree +-- parseurl@1.3.1
73 silly idealTree +-- path-to-regexp@0.1.7
73 silly idealTree +-- pinkie-promise@2.0.0
73 silly idealTree +-- pinkie@2.0.4
73 silly idealTree +-- prepend-http@1.0.3
73 silly idealTree +-- process-nextick-args@1.0.6
73 silly idealTree +-- processenv@0.1.0
73 silly idealTree +-- proxy-addr@1.0.10
73 silly idealTree +-- qs@5.1.0
73 silly idealTree +-- random-int@1.0.0
73 silly idealTree +-- range-parser@1.0.3
73 silly idealTree +-- raw-body@2.1.6
73 silly idealTree | +-- bytes@2.3.0
73 silly idealTree | `-- iconv-lite@0.4.13
73 silly idealTree +-- rc@1.1.6
73 silly idealTree | `-- minimist@1.2.0
73 silly idealTree +-- read-all-stream@3.1.0
73 silly idealTree +-- readable-stream@2.0.6
73 silly idealTree +-- registry-url@3.0.3
73 silly idealTree +-- repeating@1.1.3
73 silly idealTree +-- request@2.65.0
73 silly idealTree | `-- qs@5.2.0
73 silly idealTree +-- require-all@1.1.0
73 silly idealTree +-- rsa@0.0.3
73 silly idealTree +-- semver-diff@2.1.0
73 silly idealTree +-- semver@5.1.0
73 silly idealTree +-- send@0.13.0
73 silly idealTree | `-- depd@1.0.1
73 silly idealTree +-- serve-static@1.10.2
73 silly idealTree | +-- destroy@1.0.4
73 silly idealTree | +-- escape-html@1.0.3
73 silly idealTree | `-- send@0.13.1
73 silly idealTree +-- sha1@1.1.1
73 silly idealTree +-- slide@1.1.6
73 silly idealTree +-- sntp@1.0.9
73 silly idealTree +-- split2@1.0.0
73 silly idealTree +-- stack-trace@0.0.9
73 silly idealTree +-- statuses@1.2.1
73 silly idealTree +-- string_decoder@0.10.31
73 silly idealTree +-- string-length@1.0.1
73 silly idealTree +-- string.prototype.padleft@2.0.0
73 silly idealTree +-- stringify-object@2.3.0
73 silly idealTree +-- stringstream@0.0.5
73 silly idealTree +-- strip-ansi@3.0.1
73 silly idealTree +-- strip-json-comments@1.0.4
73 silly idealTree +-- supports-color@2.0.0
73 silly idealTree +-- through2@2.0.1
73 silly idealTree +-- timed-out@2.0.0
73 silly idealTree +-- timer2@0.2.3
73 silly idealTree +-- tough-cookie@2.2.2
73 silly idealTree +-- tunnel-agent@0.4.2
73 silly idealTree +-- type-is@1.6.12
73 silly idealTree +-- underscore@1.8.3
73 silly idealTree +-- unpipe@1.0.0
73 silly idealTree +-- update-notifier@0.5.0
73 silly idealTree +-- util-deprecate@1.0.2
73 silly idealTree +-- utils-merge@1.0.0
73 silly idealTree +-- uuid@2.0.1
73 silly idealTree +-- uuidv4@0.3.1
73 silly idealTree +-- varname@2.0.0
73 silly idealTree +-- vary@1.0.1
73 silly idealTree +-- verbal-expressions@0.1.2
73 silly idealTree +-- wordwrap@0.0.3
73 silly idealTree +-- wrappy@1.0.1
73 silly idealTree +-- write-file-atomic@1.1.4
73 silly idealTree +-- xdg-basedir@2.0.0
73 silly idealTree `-- xtend@4.0.1
74 silly generateActionsToTake Starting
75 silly install generateActionsToTake
76 silly generateActionsToTake Finishing
77 silly diffTrees action count 5
78 silly diffTrees update dnsd@0.9.6
79 silly diffTrees update node-rsa@0.3.2
80 silly diffTrees update p2p@0.10.2
81 silly diffTrees add rsa@0.0.3
82 silly diffTrees update underscore@1.8.3
83 silly decomposeActions action count 40
84 silly decomposeActions fetch dnsd@0.9.6
85 silly decomposeActions extract dnsd@0.9.6
86 silly decomposeActions test dnsd@0.9.6
87 silly decomposeActions preinstall dnsd@0.9.6
88 silly decomposeActions build dnsd@0.9.6
89 silly decomposeActions install dnsd@0.9.6
90 silly decomposeActions postinstall dnsd@0.9.6
91 silly decomposeActions finalize dnsd@0.9.6
92 silly decomposeActions fetch node-rsa@0.3.2
93 silly decomposeActions extract node-rsa@0.3.2
94 silly decomposeActions test node-rsa@0.3.2
95 silly decomposeActions preinstall node-rsa@0.3.2
96 silly decomposeActions build node-rsa@0.3.2
97 silly decomposeActions install node-rsa@0.3.2
98 silly decomposeActions postinstall node-rsa@0.3.2
99 silly decomposeActions finalize node-rsa@0.3.2
100 silly decomposeActions fetch p2p@0.10.2
101 silly decomposeActions extract p2p@0.10.2
102 silly decomposeActions test p2p@0.10.2
103 silly decomposeActions preinstall p2p@0.10.2
104 silly decomposeActions build p2p@0.10.2
105 silly decomposeActions install p2p@0.10.2
106 silly decomposeActions postinstall p2p@0.10.2
107 silly decomposeActions finalize p2p@0.10.2
108 silly decomposeActions fetch rsa@0.0.3
109 silly decomposeActions extract rsa@0.0.3
110 silly decomposeActions test rsa@0.0.3
111 silly decomposeActions preinstall rsa@0.0.3
112 silly decomposeActions build rsa@0.0.3
113 silly decomposeActions install rsa@0.0.3
114 silly decomposeActions postinstall rsa@0.0.3
115 silly decomposeActions finalize rsa@0.0.3
116 silly decomposeActions fetch underscore@1.8.3
117 silly decomposeActions extract underscore@1.8.3
118 silly decomposeActions test underscore@1.8.3
119 silly decomposeActions preinstall underscore@1.8.3
120 silly decomposeActions build underscore@1.8.3
121 silly decomposeActions install underscore@1.8.3
122 silly decomposeActions postinstall underscore@1.8.3
123 silly decomposeActions finalize underscore@1.8.3
124 silly executeActions Starting
125 silly install executeActions
126 silly doSerial global-install 0
127 silly doParallel fetch 5
128 verbose correctMkdir C:\Users\Hayden\AppData\Roaming\npm-cache\_locks correctMkdir not in flight; initializing
129 verbose lock using C:\Users\Hayden\AppData\Roaming\npm-cache\_locks\staging-9e3493658c29b66e.lock for D:\dnp2p\node_modules\.staging
130 silly doParallel extract 5
131 silly extract dnsd@0.9.6
132 silly extract node-rsa@0.3.2
133 silly extract p2p@0.10.2
134 silly extract rsa@0.0.3
135 silly extract underscore@1.8.3
136 verbose unbuild node_modules\.staging\dnsd-7b629a48
137 verbose unbuild node_modules\.staging\p2p-5a8fa2b3
138 verbose unbuild node_modules\.staging\node-rsa-2f5ad83b
139 verbose unbuild node_modules\.staging\rsa-d4d6dc71
140 verbose unbuild node_modules\.staging\underscore-f88b3739
141 silly gentlyRm D:\dnp2p\node_modules\.staging\dnsd-7b629a48 is being purged from base D:\dnp2p
142 verbose gentlyRm don't care about contents; nuking D:\dnp2p\node_modules\.staging\dnsd-7b629a48
143 silly gentlyRm D:\dnp2p\node_modules\.staging\p2p-5a8fa2b3 is being purged from base D:\dnp2p
144 verbose gentlyRm don't care about contents; nuking D:\dnp2p\node_modules\.staging\p2p-5a8fa2b3
145 silly gentlyRm D:\dnp2p\node_modules\.staging\node-rsa-2f5ad83b is being purged from base D:\dnp2p
146 verbose gentlyRm don't care about contents; nuking D:\dnp2p\node_modules\.staging\node-rsa-2f5ad83b
147 silly gentlyRm D:\dnp2p\node_modules\.staging\rsa-d4d6dc71 is being purged from base D:\dnp2p
148 verbose gentlyRm don't care about contents; nuking D:\dnp2p\node_modules\.staging\rsa-d4d6dc71
149 silly gentlyRm D:\dnp2p\node_modules\.staging\underscore-f88b3739 is being purged from base D:\dnp2p
150 verbose gentlyRm don't care about contents; nuking D:\dnp2p\node_modules\.staging\underscore-f88b3739
151 verbose tar unpack C:\Users\Hayden\AppData\Roaming\npm-cache\dnsd\0.9.6\package.tgz
152 verbose tar unpacking to D:\dnp2p\node_modules\.staging\dnsd-7b629a48
153 silly gentlyRm D:\dnp2p\node_modules\.staging\dnsd-7b629a48 is being purged
154 verbose gentlyRm don't care about contents; nuking D:\dnp2p\node_modules\.staging\dnsd-7b629a48
155 verbose tar unpack C:\Users\Hayden\AppData\Roaming\npm-cache\p2p\0.10.2\package.tgz
156 verbose tar unpacking to D:\dnp2p\node_modules\.staging\p2p-5a8fa2b3
157 silly gentlyRm D:\dnp2p\node_modules\.staging\p2p-5a8fa2b3 is being purged
158 verbose gentlyRm don't care about contents; nuking D:\dnp2p\node_modules\.staging\p2p-5a8fa2b3
159 verbose tar unpack C:\Users\Hayden\AppData\Roaming\npm-cache\node-rsa\0.3.2\package.tgz
160 verbose tar unpacking to D:\dnp2p\node_modules\.staging\node-rsa-2f5ad83b
161 silly gentlyRm D:\dnp2p\node_modules\.staging\node-rsa-2f5ad83b is being purged
162 verbose gentlyRm don't care about contents; nuking D:\dnp2p\node_modules\.staging\node-rsa-2f5ad83b
163 verbose tar unpack C:\Users\Hayden\AppData\Roaming\npm-cache\rsa\0.0.3\package.tgz
164 verbose tar unpacking to D:\dnp2p\node_modules\.staging\rsa-d4d6dc71
165 silly gentlyRm D:\dnp2p\node_modules\.staging\rsa-d4d6dc71 is being purged
166 verbose gentlyRm don't care about contents; nuking D:\dnp2p\node_modules\.staging\rsa-d4d6dc71
167 verbose tar unpack C:\Users\Hayden\AppData\Roaming\npm-cache\underscore\1.8.3\package.tgz
168 verbose tar unpacking to D:\dnp2p\node_modules\.staging\underscore-f88b3739
169 silly gentlyRm D:\dnp2p\node_modules\.staging\underscore-f88b3739 is being purged
170 verbose gentlyRm don't care about contents; nuking D:\dnp2p\node_modules\.staging\underscore-f88b3739
171 silly gunzTarPerm modes [ '777', '666' ]
172 silly gunzTarPerm modes [ '777', '666' ]
173 silly gunzTarPerm modes [ '777', '666' ]
174 silly gunzTarPerm modes [ '777', '666' ]
175 silly gunzTarPerm modes [ '777', '666' ]
176 silly gunzTarPerm extractEntry package.json
177 silly gunzTarPerm modified mode [ 'package.json', 420, 438 ]
178 silly gunzTarPerm extractEntry package.json
179 silly gunzTarPerm modified mode [ 'package.json', 420, 438 ]
180 silly gunzTarPerm extractEntry package.json
181 silly gunzTarPerm extractEntry .gitignore
182 silly gunzTarPerm modified mode [ '.gitignore', 420, 438 ]
183 silly gunzTarPerm extractEntry package.json
184 silly gunzTarPerm modified mode [ 'package.json', 420, 438 ]
185 silly gunzTarPerm extractEntry .npmignore
186 silly gunzTarPerm modified mode [ '.npmignore', 420, 438 ]
187 silly gunzTarPerm extractEntry README.md
188 silly gunzTarPerm modified mode [ 'README.md', 420, 438 ]
189 silly gunzTarPerm extractEntry .npmignore
190 silly gunzTarPerm modified mode [ '.npmignore', 420, 438 ]
191 silly gunzTarPerm extractEntry README.md
192 silly gunzTarPerm modified mode [ 'README.md', 420, 438 ]
193 silly gunzTarPerm extractEntry .npmignore
194 silly gunzTarPerm extractEntry README.md
195 silly gunzTarPerm extractEntry LICENCE
196 silly gunzTarPerm modified mode [ 'LICENCE', 420, 438 ]
197 silly gunzTarPerm extractEntry node_rsa.cc
198 silly gunzTarPerm modified mode [ 'node_rsa.cc', 420, 438 ]
199 silly gunzTarPerm extractEntry README.md
200 silly gunzTarPerm modified mode [ 'README.md', 420, 438 ]
201 silly gunzTarPerm extractEntry LICENSE
202 silly gunzTarPerm modified mode [ 'LICENSE', 420, 438 ]
203 silly gunzTarPerm extractEntry node_rsa.h
204 silly gunzTarPerm modified mode [ 'node_rsa.h', 420, 438 ]
205 silly gunzTarPerm extractEntry package.json
206 silly gunzTarPerm modified mode [ 'package.json', 420, 438 ]
207 silly gunzTarPerm extractEntry README.md
208 silly gunzTarPerm modified mode [ 'README.md', 420, 438 ]
209 silly gunzTarPerm extractEntry rsa.js
210 silly gunzTarPerm modified mode [ 'rsa.js', 420, 438 ]
211 silly gunzTarPerm extractEntry rsa.private
212 silly gunzTarPerm modified mode [ 'rsa.private', 420, 438 ]
213 silly gunzTarPerm extractEntry rsa.public
214 silly gunzTarPerm modified mode [ 'rsa.public', 420, 438 ]
215 silly gunzTarPerm extractEntry test/
216 silly gunzTarPerm modified mode [ 'test/', 493, 511 ]
217 silly gunzTarPerm extractEntry test/getters.js
218 silly gunzTarPerm modified mode [ 'test/getters.js', 420, 438 ]
219 silly gunzTarPerm extractEntry test/test.js
220 silly gunzTarPerm modified mode [ 'test/test.js', 420, 438 ]
221 silly gunzTarPerm extractEntry test/test.js~
222 silly gunzTarPerm modified mode [ 'test/test.js~', 420, 438 ]
223 silly gunzTarPerm extractEntry wscript
224 silly gunzTarPerm modified mode [ 'wscript', 420, 438 ]
225 silly gunzTarPerm extractEntry LICENSE
226 silly gunzTarPerm modified mode [ 'LICENSE', 420, 438 ]
227 silly gunzTarPerm extractEntry message.js
228 silly gunzTarPerm modified mode [ 'message.js', 420, 438 ]
229 silly gunzTarPerm extractEntry constants.js
230 silly gunzTarPerm modified mode [ 'constants.js', 420, 438 ]
231 silly gunzTarPerm extractEntry convenient.js
232 silly gunzTarPerm modified mode [ 'convenient.js', 420, 438 ]
233 silly gunzTarPerm extractEntry named.js
234 silly gunzTarPerm modified mode [ 'named.js', 420, 438 ]
235 silly gunzTarPerm extractEntry parse.js
236 silly gunzTarPerm modified mode [ 'parse.js', 420, 438 ]
237 silly gunzTarPerm extractEntry server.js
238 silly gunzTarPerm modified mode [ 'server.js', 420, 438 ]
239 silly gunzTarPerm extractEntry encode.js
240 silly gunzTarPerm modified mode [ 'encode.js', 420, 438 ]
241 silly gunzTarPerm extractEntry _test_data/oreilly.com-response
242 silly gunzTarPerm modified mode [ '_test_data/oreilly.com-response', 420, 438 ]
243 silly gunzTarPerm extractEntry _test_data/aaaa-query
244 silly gunzTarPerm modified mode [ '_test_data/aaaa-query', 420, 438 ]
245 silly gunzTarPerm extractEntry _test_data/ds-query
246 silly gunzTarPerm modified mode [ '_test_data/ds-query', 420, 438 ]
247 silly gunzTarPerm extractEntry _test_data/ds-response
248 silly gunzTarPerm modified mode [ '_test_data/ds-response', 420, 438 ]
249 silly gunzTarPerm extractEntry _test_data/dynamic-update
250 silly gunzTarPerm modified mode [ '_test_data/dynamic-update', 420, 438 ]
251 silly gunzTarPerm extractEntry _test_data/edns-query
252 silly gunzTarPerm modified mode [ '_test_data/edns-query', 420, 438 ]
253 silly gunzTarPerm extractEntry _test_data/foo.iriscouch.com-query
254 silly gunzTarPerm modified mode [ '_test_data/foo.iriscouch.com-query', 420, 438 ]
255 silly gunzTarPerm extractEntry _test_data/foo.iriscouch.com-response
256 silly gunzTarPerm modified mode [ '_test_data/foo.iriscouch.com-response', 420, 438 ]
257 silly gunzTarPerm extractEntry _test_data/garbage
258 silly gunzTarPerm modified mode [ '_test_data/garbage', 420, 438 ]
259 silly gunzTarPerm extractEntry _test_data/ipv6_ptr-query
260 silly gunzTarPerm modified mode [ '_test_data/ipv6_ptr-query', 420, 438 ]
261 silly gunzTarPerm extractEntry _test_data/iriscouch.com-query
262 silly gunzTarPerm modified mode [ '_test_data/iriscouch.com-query', 420, 438 ]
263 silly gunzTarPerm extractEntry _test_data/iriscouch.com-response
264 silly gunzTarPerm modified mode [ '_test_data/iriscouch.com-response', 420, 438 ]
265 silly gunzTarPerm extractEntry _test_data/oreilly.com-query
266 silly gunzTarPerm modified mode [ '_test_data/oreilly.com-query', 420, 438 ]
267 silly gunzTarPerm extractEntry _test_data/aaaa-response
268 silly gunzTarPerm modified mode [ '_test_data/aaaa-response', 420, 438 ]
269 silly gunzTarPerm extractEntry _test_data/ptr-query
270 silly gunzTarPerm modified mode [ '_test_data/ptr-query', 420, 438 ]
271 silly gunzTarPerm extractEntry _test_data/ptr-response
272 silly gunzTarPerm modified mode [ '_test_data/ptr-response', 420, 438 ]
273 silly gunzTarPerm extractEntry _test_data/registry.npmjs.org-response
274 silly gunzTarPerm modified mode [ '_test_data/registry.npmjs.org-response', 420, 438 ]
275 silly gunzTarPerm extractEntry _test_data/short-query
276 silly gunzTarPerm modified mode [ '_test_data/short-query', 420, 438 ]
277 silly gunzTarPerm extractEntry _test_data/srv-query
278 silly gunzTarPerm modified mode [ '_test_data/srv-query', 420, 438 ]
279 silly gunzTarPerm extractEntry _test_data/srv-response
280 silly gunzTarPerm modified mode [ '_test_data/srv-response', 420, 438 ]
281 silly gunzTarPerm extractEntry _test_data/txt-query
282 silly gunzTarPerm modified mode [ '_test_data/txt-query', 420, 438 ]
283 silly gunzTarPerm extractEntry _test_data/txt-response
284 silly gunzTarPerm modified mode [ '_test_data/txt-response', 420, 438 ]
285 silly gunzTarPerm extractEntry _test_data/www.company.example-query
286 silly gunzTarPerm modified mode [ '_test_data/www.company.example-query', 420, 438 ]
287 silly gunzTarPerm extractEntry _test_data/www.company.example-response
288 silly gunzTarPerm modified mode [ '_test_data/www.company.example-response', 420, 438 ]
289 silly gunzTarPerm extractEntry _test_data/www.microsoft.com-query
290 silly gunzTarPerm modified mode [ '_test_data/www.microsoft.com-query', 420, 438 ]
291 silly gunzTarPerm extractEntry _test_data/www.microsoft.com-response
292 silly gunzTarPerm modified mode [ '_test_data/www.microsoft.com-response', 420, 438 ]
293 silly gunzTarPerm extractEntry test/api.js
294 silly gunzTarPerm modified mode [ 'test/api.js', 420, 438 ]
295 silly gunzTarPerm extractEntry test/convenience.js
296 silly gunzTarPerm modified mode [ 'test/convenience.js', 420, 438 ]
297 silly gunzTarPerm extractEntry test/message.js
298 silly gunzTarPerm modified mode [ 'test/message.js', 420, 438 ]
299 silly gunzTarPerm extractEntry test/print.js
300 silly gunzTarPerm modified mode [ 'test/print.js', 420, 438 ]
301 silly gunzTarPerm extractEntry test/server.js
302 silly gunzTarPerm modified mode [ 'test/server.js', 420, 438 ]
303 silly gunzTarPerm extractEntry util/null-server.js
304 silly gunzTarPerm modified mode [ 'util/null-server.js', 493, 511 ]
305 silly gunzTarPerm extractEntry Gruntfile.js
306 silly gunzTarPerm modified mode [ 'Gruntfile.js', 420, 438 ]
307 silly gunzTarPerm extractEntry doc/Chord.pdf
308 silly gunzTarPerm modified mode [ 'doc/Chord.pdf', 420, 438 ]
309 silly gunzTarPerm extractEntry underscore.js
310 silly gunzTarPerm modified mode [ 'underscore.js', 420, 438 ]
311 silly gunzTarPerm extractEntry underscore-min.js
312 silly gunzTarPerm modified mode [ 'underscore-min.js', 420, 438 ]
313 silly gunzTarPerm extractEntry underscore-min.map
314 silly gunzTarPerm modified mode [ 'underscore-min.map', 420, 438 ]
315 silly gunzTarPerm extractEntry gruntfile.js
316 silly gunzTarPerm extractEntry .idea/modules.xml
317 silly gunzTarPerm extractEntry .idea/.name
318 silly gunzTarPerm extractEntry doc/Slides.pdf
319 silly gunzTarPerm modified mode [ 'doc/Slides.pdf', 420, 438 ]
320 silly gunzTarPerm extractEntry .idea/jsLibraryMappings.xml
321 silly gunzTarPerm extractEntry .idea/libraries/node_rsa_node_modules.xml
322 silly gunzTarPerm extractEntry .idea/misc.xml
323 silly gunzTarPerm extractEntry .idea/encodings.xml
324 silly gunzTarPerm extractEntry .idea/node-rsa.iml
325 silly gunzTarPerm extractEntry .idea/scopes/scope_settings.xml
326 silly gunzTarPerm extractEntry .idea/vcs.xml
327 silly gunzTarPerm extractEntry .idea/watcherTasks.xml
328 silly gunzTarPerm extractEntry .idea/workspace.xml
329 silly gunzTarPerm extractEntry src/NodeRSA.js
330 silly gunzTarPerm extractEntry src/utils.js
331 silly gunzTarPerm extractEntry src/encryptEngines/encryptEngines.js
332 silly gunzTarPerm extractEntry src/encryptEngines/io.js
333 silly gunzTarPerm extractEntry src/encryptEngines/js.js
334 silly gunzTarPerm extractEntry src/encryptEngines/node12.js
335 silly gunzTarPerm extractEntry src/formats/components.js
336 silly gunzTarPerm extractEntry Dockerfile
337 silly gunzTarPerm modified mode [ 'Dockerfile', 420, 438 ]
338 silly gunzTarPerm extractEntry circle.yml
339 silly gunzTarPerm modified mode [ 'circle.yml', 420, 438 ]
340 silly gunzTarPerm extractEntry integration/join-parallel.js
341 silly gunzTarPerm modified mode [ 'integration/join-parallel.js', 420, 438 ]
342 silly gunzTarPerm extractEntry integration/join-sequential.js
343 silly gunzTarPerm modified mode [ 'integration/join-sequential.js', 420, 438 ]
344 silly gunzTarPerm extractEntry src/formats/formats.js
345 silly gunzTarPerm extractEntry src/formats/pkcs1.js
346 silly gunzTarPerm extractEntry integration/leave-sequential.js
347 silly gunzTarPerm modified mode [ 'integration/leave-sequential.js', 420, 438 ]
348 silly gunzTarPerm extractEntry integration/runTest.js
349 silly gunzTarPerm modified mode [ 'integration/runTest.js', 420, 438 ]
350 silly gunzTarPerm extractEntry integration/algorithms/fibonacci.js
351 silly gunzTarPerm modified mode [ 'integration/algorithms/fibonacci.js', 420, 438 ]
352 silly gunzTarPerm extractEntry integration/algorithms/index.js
353 silly gunzTarPerm modified mode [ 'integration/algorithms/index.js', 420, 438 ]
354 silly gunzTarPerm extractEntry integration/configuration.json
355 silly gunzTarPerm modified mode [ 'integration/configuration.json', 420, 438 ]
356 silly gunzTarPerm extractEntry integration/createPeers/Peer.js
357 silly gunzTarPerm modified mode [ 'integration/createPeers/Peer.js', 420, 438 ]
358 silly gunzTarPerm extractEntry src/formats/pkcs8.js
359 silly gunzTarPerm extractEntry src/libs/jsbn.js
360 silly gunzTarPerm extractEntry integration/createPeers/createPeer.js
361 silly gunzTarPerm modified mode [ 'integration/createPeers/createPeer.js', 420, 438 ]
362 silly gunzTarPerm extractEntry integration/createPeers/getDockWorker.js
363 silly gunzTarPerm modified mode [ 'integration/createPeers/getDockWorker.js', 420, 438 ]
364 silly gunzTarPerm extractEntry integration/createPeers/index.js
365 silly gunzTarPerm modified mode [ 'integration/createPeers/index.js', 420, 438 ]
366 silly gunzTarPerm extractEntry src/libs/rsa.js
367 silly gunzTarPerm extractEntry src/schemes/oaep.js
368 silly gunzTarPerm extractEntry integration/createPeers/env/formRing.js
369 silly gunzTarPerm modified mode [ 'integration/createPeers/env/formRing.js', 420, 438 ]
370 silly gunzTarPerm extractEntry integration/createPeers/env/isRing.js
371 silly gunzTarPerm modified mode [ 'integration/createPeers/env/isRing.js', 420, 438 ]
372 silly gunzTarPerm extractEntry integration/createPeers/env/stop.js
373 silly gunzTarPerm modified mode [ 'integration/createPeers/env/stop.js', 420, 438 ]
374 silly gunzTarPerm extractEntry integration/createPeers/env/waitUntil.js
375 silly gunzTarPerm modified mode [ 'integration/createPeers/env/waitUntil.js', 420, 438 ]
376 silly gunzTarPerm extractEntry keys/localhost.selfsigned/certificate.pem
377 silly gunzTarPerm modified mode [ 'keys/localhost.selfsigned/certificate.pem', 420, 438 ]
378 silly gunzTarPerm extractEntry src/schemes/pkcs1.js
379 silly gunzTarPerm extractEntry src/schemes/pss.js
380 silly gunzTarPerm extractEntry src/schemes/schemes.js
381 silly gunzTarPerm extractEntry keys/localhost.selfsigned/privateKey.pem
382 silly gunzTarPerm modified mode [ 'keys/localhost.selfsigned/privateKey.pem', 420, 438 ]
383 silly gunzTarPerm extractEntry lib/Endpoint.js
384 silly gunzTarPerm modified mode [ 'lib/Endpoint.js', 420, 438 ]
385 silly gunzTarPerm extractEntry .tmp/brow.js
386 silly gunzTarPerm extractEntry lib/Peer.js
387 silly gunzTarPerm modified mode [ 'lib/Peer.js', 420, 438 ]
388 silly gunzTarPerm extractEntry .tmp/test2.js
389 silly gunzTarPerm extractEntry lib/WellKnownPeers.js
390 silly gunzTarPerm modified mode [ 'lib/WellKnownPeers.js', 420, 438 ]
391 silly gunzTarPerm extractEntry .tmp/leaktest.js
392 silly gunzTarPerm extractEntry lib/errors.js
393 silly gunzTarPerm modified mode [ 'lib/errors.js', 420, 438 ]
394 silly gentlyRm D:\dnp2p\node_modules\.staging\underscore-f88b3739\node_modules is being purged
395 verbose gentlyRm don't care about contents; nuking D:\dnp2p\node_modules\.staging\underscore-f88b3739\node_modules
396 silly gunzTarPerm extractEntry .tmp/rsa.js
397 silly gunzTarPerm extractEntry lib/hex.js
398 silly gunzTarPerm modified mode [ 'lib/hex.js', 420, 438 ]
399 silly gunzTarPerm extractEntry lib/interval.js
400 silly gunzTarPerm modified mode [ 'lib/interval.js', 420, 438 ]
401 silly gunzTarPerm extractEntry lib/p2p.js
402 silly gunzTarPerm modified mode [ 'lib/p2p.js', 420, 438 ]
403 silly gunzTarPerm extractEntry lib/routes/closestPrecedingFinger.js
404 silly gunzTarPerm modified mode [ 'lib/routes/closestPrecedingFinger.js', 420, 438 ]
405 silly gunzTarPerm extractEntry lib/routes/fixPredecessor.js
406 silly gunzTarPerm modified mode [ 'lib/routes/fixPredecessor.js', 420, 438 ]
407 silly gunzTarPerm extractEntry lib/routes/fixSuccessors.js
408 silly gunzTarPerm modified mode [ 'lib/routes/fixSuccessors.js', 420, 438 ]
409 silly gunzTarPerm extractEntry lib/routes/handle.js
410 silly gunzTarPerm modified mode [ 'lib/routes/handle.js', 420, 438 ]
411 silly gunzTarPerm extractEntry lib/routes/join.js
412 silly gunzTarPerm modified mode [ 'lib/routes/join.js', 420, 438 ]
413 silly gunzTarPerm extractEntry lib/routes/fixFingers.js
414 silly gunzTarPerm modified mode [ 'lib/routes/fixFingers.js', 420, 438 ]
415 silly gunzTarPerm extractEntry lib/routes/notify.js
416 silly gunzTarPerm modified mode [ 'lib/routes/notify.js', 420, 438 ]
417 silly gunzTarPerm extractEntry lib/routes/predecessor.js
418 silly gunzTarPerm modified mode [ 'lib/routes/predecessor.js', 420, 438 ]
419 silly gentlyRm D:\dnp2p\node_modules\.staging\rsa-d4d6dc71\node_modules is being purged
420 verbose gentlyRm don't care about contents; nuking D:\dnp2p\node_modules\.staging\rsa-d4d6dc71\node_modules
421 silly gunzTarPerm extractEntry lib/routes/self.js
422 silly gunzTarPerm modified mode [ 'lib/routes/self.js', 420, 438 ]
423 silly gunzTarPerm extractEntry lib/routes/stabilize.js
424 silly gunzTarPerm modified mode [ 'lib/routes/stabilize.js', 420, 438 ]
425 silly gunzTarPerm extractEntry lib/routes/status.js
426 silly gunzTarPerm modified mode [ 'lib/routes/status.js', 420, 438 ]
427 silly gunzTarPerm extractEntry lib/routes/findSuccessor.js
428 silly gunzTarPerm modified mode [ 'lib/routes/findSuccessor.js', 420, 438 ]
429 silly gunzTarPerm extractEntry lib/routes/successor.js
430 silly gunzTarPerm modified mode [ 'lib/routes/successor.js', 420, 438 ]
431 silly gunzTarPerm extractEntry lib/routes/findPredecessor.js
432 silly gunzTarPerm modified mode [ 'lib/routes/findPredecessor.js', 420, 438 ]
433 silly gunzTarPerm extractEntry lib/routes/successors.js
434 silly gunzTarPerm modified mode [ 'lib/routes/successors.js', 420, 438 ]
435 silly gunzTarPerm extractEntry lib/routes/metadata.js
436 silly gunzTarPerm modified mode [ 'lib/routes/metadata.js', 420, 438 ]
437 silly gunzTarPerm extractEntry samples/minimal/app.js
438 silly gunzTarPerm modified mode [ 'samples/minimal/app.js', 420, 438 ]
439 silly gunzTarPerm extractEntry samples/worker/client.js
440 silly gunzTarPerm modified mode [ 'samples/worker/client.js', 420, 438 ]
441 silly gunzTarPerm extractEntry samples/worker/server-1.js
442 silly gunzTarPerm modified mode [ 'samples/worker/server-1.js', 420, 438 ]
443 silly gunzTarPerm extractEntry samples/worker/server-2.js
444 silly gunzTarPerm modified mode [ 'samples/worker/server-2.js', 420, 438 ]
445 silly gunzTarPerm extractEntry samples/worker/server-3.js
446 silly gunzTarPerm modified mode [ 'samples/worker/server-3.js', 420, 438 ]
447 silly gunzTarPerm extractEntry samples/worker/serverBase.js
448 silly gunzTarPerm modified mode [ 'samples/worker/serverBase.js', 420, 438 ]
449 silly gunzTarPerm extractEntry .dockerignore
450 silly gunzTarPerm modified mode [ '.dockerignore', 420, 438 ]
451 silly gunzTarPerm extractEntry test/EndpointTests.js
452 silly gunzTarPerm modified mode [ 'test/EndpointTests.js', 420, 438 ]
453 silly gunzTarPerm extractEntry .tmp/script.js
454 silly gunzTarPerm extractEntry .tmp/bundle.js
455 silly gunzTarPerm extractEntry test/PeerTests.js
456 silly gunzTarPerm modified mode [ 'test/PeerTests.js', 420, 438 ]
457 silly gunzTarPerm extractEntry test/WellKnownPeersTests.js
458 silly gunzTarPerm modified mode [ 'test/WellKnownPeersTests.js', 420, 438 ]
459 silly gunzTarPerm extractEntry test/hexTests.js
460 silly gunzTarPerm modified mode [ 'test/hexTests.js', 420, 438 ]
461 silly gunzTarPerm extractEntry test/intervalTests.js
462 silly gunzTarPerm modified mode [ 'test/intervalTests.js', 420, 438 ]
463 silly gunzTarPerm extractEntry test/p2pTests.js
464 silly gunzTarPerm modified mode [ 'test/p2pTests.js', 420, 438 ]
465 silly gunzTarPerm extractEntry test/routes/closestPrecedingFingerTests.js
466 silly gunzTarPerm modified mode [ 'test/routes/closestPrecedingFingerTests.js', 420, 438 ]
467 silly gunzTarPerm extractEntry .tmp/test.js
468 silly gunzTarPerm extractEntry test/routes/fixFingersTests.js
469 silly gunzTarPerm modified mode [ 'test/routes/fixFingersTests.js', 420, 438 ]
470 silly gunzTarPerm extractEntry test/routes/fixPredecessorTests.js
471 silly gunzTarPerm modified mode [ 'test/routes/fixPredecessorTests.js', 420, 438 ]
472 silly gunzTarPerm extractEntry .tmp/speed.js
473 silly gunzTarPerm extractEntry .tmp/test3.js
474 silly gunzTarPerm extractEntry test/routes/fixSuccessorsTests.js
475 silly gunzTarPerm modified mode [ 'test/routes/fixSuccessorsTests.js', 420, 438 ]
476 silly gunzTarPerm extractEntry test/routes/handleTests.js
477 silly gunzTarPerm modified mode [ 'test/routes/handleTests.js', 420, 438 ]
478 silly gunzTarPerm extractEntry .tmp/serv.js
479 silly gunzTarPerm extractEntry .tmp/signtest/data
480 silly gunzTarPerm extractEntry .tmp/signtest/data.txt
481 silly gunzTarPerm extractEntry .tmp/signtest/key
482 silly gunzTarPerm extractEntry test/routes/findSuccessorTests.js
483 silly gunzTarPerm modified mode [ 'test/routes/findSuccessorTests.js', 420, 438 ]
484 silly gunzTarPerm extractEntry test/routes/successorTests.js
485 silly gunzTarPerm modified mode [ 'test/routes/successorTests.js', 420, 438 ]
486 silly gunzTarPerm extractEntry test/routes/statusTests.js
487 silly gunzTarPerm modified mode [ 'test/routes/statusTests.js', 420, 438 ]
488 silly gunzTarPerm extractEntry test/routes/notifyTests.js
489 silly gunzTarPerm modified mode [ 'test/routes/notifyTests.js', 420, 438 ]
490 silly gunzTarPerm extractEntry .tmp/signtest/result.txt
491 silly gunzTarPerm extractEntry .tmp/index.html
492 silly gunzTarPerm extractEntry test/routes/predecessorTests.js
493 silly gunzTarPerm modified mode [ 'test/routes/predecessorTests.js', 420, 438 ]
494 silly gunzTarPerm extractEntry test/routes/selfTests.js
495 silly gunzTarPerm modified mode [ 'test/routes/selfTests.js', 420, 438 ]
496 silly gunzTarPerm extractEntry test/routes/findPredecessorTests.js
497 silly gunzTarPerm modified mode [ 'test/routes/findPredecessorTests.js', 420, 438 ]
498 silly gunzTarPerm extractEntry test/routes/stabilizeTests.js
499 silly gunzTarPerm modified mode [ 'test/routes/stabilizeTests.js', 420, 438 ]
500 silly gunzTarPerm extractEntry test/routes/joinTests.js
501 silly gunzTarPerm modified mode [ 'test/routes/joinTests.js', 420, 438 ]
502 silly gunzTarPerm extractEntry test/routes/successorsTests.js
503 silly gunzTarPerm modified mode [ 'test/routes/successorsTests.js', 420, 438 ]
504 silly gunzTarPerm extractEntry test/routes/metadataTests.js
505 silly gunzTarPerm modified mode [ 'test/routes/metadataTests.js', 420, 438 ]
506 silly gunzTarPerm extractEntry test/routes/mocks/JoinedPeer.js
507 silly gunzTarPerm modified mode [ 'test/routes/mocks/JoinedPeer.js', 420, 438 ]
508 silly gunzTarPerm extractEntry test/routes/mocks/LonelyPeer.js
509 silly gunzTarPerm modified mode [ 'test/routes/mocks/LonelyPeer.js', 420, 438 ]
510 silly gunzTarPerm extractEntry test/routes/mocks/UnbalancedPeerWithoutPredecessor.js
511 silly gunzTarPerm modified mode [ 'test/routes/mocks/UnbalancedPeerWithoutPredecessor.js',
511 silly gunzTarPerm   420,
511 silly gunzTarPerm   438 ]
512 silly gunzTarPerm extractEntry test/routes/data/fingersFor3000.json
513 silly gunzTarPerm modified mode [ 'test/routes/data/fingersFor3000.json', 420, 438 ]
514 silly gentlyRm D:\dnp2p\node_modules\.staging\dnsd-7b629a48\node_modules is being purged
515 verbose gentlyRm don't care about contents; nuking D:\dnp2p\node_modules\.staging\dnsd-7b629a48\node_modules
516 silly gentlyRm D:\dnp2p\node_modules\.staging\p2p-5a8fa2b3\node_modules is being purged
517 verbose gentlyRm don't care about contents; nuking D:\dnp2p\node_modules\.staging\p2p-5a8fa2b3\node_modules
518 silly gentlyRm D:\dnp2p\node_modules\.staging\node-rsa-2f5ad83b\node_modules is being purged
519 verbose gentlyRm don't care about contents; nuking D:\dnp2p\node_modules\.staging\node-rsa-2f5ad83b\node_modules
520 silly doParallel preinstall 5
521 silly preinstall dnsd@0.9.6 D:\dnp2p\node_modules\.staging\dnsd-7b629a48
522 info lifecycle dnsd@0.9.6~preinstall: dnsd@0.9.6
523 silly preinstall node-rsa@0.3.2 D:\dnp2p\node_modules\.staging\node-rsa-2f5ad83b
524 info lifecycle node-rsa@0.3.2~preinstall: node-rsa@0.3.2
525 silly preinstall p2p@0.10.2 D:\dnp2p\node_modules\.staging\p2p-5a8fa2b3
526 info lifecycle p2p@0.10.2~preinstall: p2p@0.10.2
527 silly preinstall rsa@0.0.3 D:\dnp2p\node_modules\.staging\rsa-d4d6dc71
528 info lifecycle rsa@0.0.3~preinstall: rsa@0.0.3
529 silly preinstall underscore@1.8.3 D:\dnp2p\node_modules\.staging\underscore-f88b3739
530 info lifecycle underscore@1.8.3~preinstall: underscore@1.8.3
531 silly lifecycle dnsd@0.9.6~preinstall: no script for preinstall, continuing
532 silly lifecycle node-rsa@0.3.2~preinstall: no script for preinstall, continuing
533 silly lifecycle p2p@0.10.2~preinstall: no script for preinstall, continuing
534 silly lifecycle rsa@0.0.3~preinstall: no script for preinstall, continuing
535 silly lifecycle underscore@1.8.3~preinstall: no script for preinstall, continuing
536 silly doReverseSerial remove 0
537 silly doSerial move 0
538 silly doSerial finalize 5
539 silly finalize D:\dnp2p\node_modules\dnsd
540 silly finalize D:\dnp2p\node_modules\node-rsa
541 silly finalize D:\dnp2p\node_modules\p2p
542 silly finalize D:\dnp2p\node_modules\rsa
543 silly finalize D:\dnp2p\node_modules\underscore
544 silly doSerial build 5
545 silly build dnsd@0.9.6
546 info linkStuff dnsd@0.9.6
547 silly linkStuff dnsd@0.9.6 has D:\dnp2p\node_modules as its parent node_modules
548 verbose linkBins dnsd@0.9.6
549 verbose linkMans dnsd@0.9.6
550 silly build node-rsa@0.3.2
551 info linkStuff node-rsa@0.3.2
552 silly linkStuff node-rsa@0.3.2 has D:\dnp2p\node_modules as its parent node_modules
553 verbose linkBins node-rsa@0.3.2
554 verbose linkMans node-rsa@0.3.2
555 silly build p2p@0.10.2
556 info linkStuff p2p@0.10.2
557 silly linkStuff p2p@0.10.2 has D:\dnp2p\node_modules as its parent node_modules
558 verbose linkBins p2p@0.10.2
559 verbose linkMans p2p@0.10.2
560 silly build rsa@0.0.3
561 info linkStuff rsa@0.0.3
562 silly linkStuff rsa@0.0.3 has D:\dnp2p\node_modules as its parent node_modules
563 verbose linkBins rsa@0.0.3
564 verbose linkMans rsa@0.0.3
565 silly build underscore@1.8.3
566 info linkStuff underscore@1.8.3
567 silly linkStuff underscore@1.8.3 has D:\dnp2p\node_modules as its parent node_modules
568 verbose linkBins underscore@1.8.3
569 verbose linkMans underscore@1.8.3
570 silly doSerial global-link 0
571 silly doParallel update-linked 0
572 silly doSerial install 5
573 silly install dnsd@0.9.6 D:\dnp2p\node_modules\.staging\dnsd-7b629a48
574 info lifecycle dnsd@0.9.6~install: dnsd@0.9.6
575 silly lifecycle dnsd@0.9.6~install: no script for install, continuing
576 silly install node-rsa@0.3.2 D:\dnp2p\node_modules\.staging\node-rsa-2f5ad83b
577 info lifecycle node-rsa@0.3.2~install: node-rsa@0.3.2
578 silly lifecycle node-rsa@0.3.2~install: no script for install, continuing
579 silly install p2p@0.10.2 D:\dnp2p\node_modules\.staging\p2p-5a8fa2b3
580 info lifecycle p2p@0.10.2~install: p2p@0.10.2
581 silly lifecycle p2p@0.10.2~install: no script for install, continuing
582 silly install rsa@0.0.3 D:\dnp2p\node_modules\.staging\rsa-d4d6dc71
583 info lifecycle rsa@0.0.3~install: rsa@0.0.3
584 verbose lifecycle rsa@0.0.3~install: unsafe-perm in lifecycle true
585 verbose lifecycle rsa@0.0.3~install: PATH: D:\Packages\nodejs\node_modules\npm\bin\node-gyp-bin;D:\dnp2p\node_modules\rsa\node_modules\.bin;D:\dnp2p\node_modules\.bin;D:\Packages\nodejs;D:\Green\cmder\bin;D:\Green\cmder\vendor\git-for-windows\bin;D:\Green\cmder\vendor\git-for-windows\usr\bin;D:\Green\cmder\vendor\git-for-windows\share\vim\vim74;D:\Green\cmder\vendor\conemu-maximus5;D:\Green\cmder\vendor\conemu-maximus5\ConEmu;D:\Packages\python2\;D:\Packages\python2\Scripts;C:\ProgramData\Oracle\Java\javapath;C:\Program Files (x86)\Intel\iCLS Client\;C:\Program Files\Intel\iCLS Client\;C:\WINDOWS\system32;C:\WINDOWS;C:\WINDOWS\System32\Wbem;C:\WINDOWS\System32\WindowsPowerShell\v1.0\;C:\Program Files\Intel\Intel(R) Management Engine Components\DAL;C:\Program Files\Intel\Intel(R) Management Engine Components\IPT;C:\Program Files (x86)\Intel\Intel(R) Management Engine Components\DAL;C:\Program Files (x86)\Intel\Intel(R) Management Engine Components\IPT;C:\ProgramData\Lenovo\ReadyApps;C:\Program Files\Microsoft\Web Platform Installer\;d:\Program Files (x86)\MiKTeX 2.9\miktex\bin\;D:\Packages\putty;C:\WINDOWS\system32;C:\WINDOWS;C:\WINDOWS\System32\Wbem;C:\WINDOWS\System32\WindowsPowerShell\v1.0\;D:\Packages\mingw\bin;C:\Program Files\Intel\WiFi\bin\;C:\Program Files\Common Files\Intel\WirelessCommon\;D:\Packages\Python3\Scripts;D:\Packages\Python3;D:\Packages\vim;D:\Packages\pgsql\bin;C:\Program Files (x86)\Skype\Phone\;D:\Packages\bind;D:\Packages\nodejs\;D:\Packages\babun\.babun;C:\Program Files\Intel\WiFi\bin\;C:\Program Files\Common Files\Intel\WirelessCommon\;d:\packages\babun\.babun;d:\Packages\babun\.babun;C:\Users\Hayden\AppData\Roaming\npm;D:\Green\cmder
586 verbose lifecycle rsa@0.0.3~install: CWD: D:\dnp2p\node_modules\rsa
587 silly lifecycle rsa@0.0.3~install: Args: [ '/d /s /c', 'node-waf configure build' ]
588 silly lifecycle rsa@0.0.3~install: Returned: code: 1  signal: null
589 info lifecycle rsa@0.0.3~install: Failed to exec install script
590 verbose unlock done using C:\Users\Hayden\AppData\Roaming\npm-cache\_locks\staging-9e3493658c29b66e.lock for D:\dnp2p\node_modules\.staging
591 silly rollbackFailedOptional Starting
592 silly rollbackFailedOptional Finishing
593 silly runTopLevelLifecycles Starting
594 silly runTopLevelLifecycles Finishing
595 silly install printInstalled
596 verbose stack Error: rsa@0.0.3 install: `node-waf configure build`
596 verbose stack Exit status 1
596 verbose stack     at EventEmitter.<anonymous> (D:\Packages\nodejs\node_modules\npm\lib\utils\lifecycle.js:239:16)
596 verbose stack     at emitTwo (events.js:100:13)
596 verbose stack     at EventEmitter.emit (events.js:185:7)
596 verbose stack     at ChildProcess.<anonymous> (D:\Packages\nodejs\node_modules\npm\lib\utils\spawn.js:24:14)
596 verbose stack     at emitTwo (events.js:100:13)
596 verbose stack     at ChildProcess.emit (events.js:185:7)
596 verbose stack     at maybeClose (internal/child_process.js:850:16)
596 verbose stack     at Process.ChildProcess._handle.onexit (internal/child_process.js:215:5)
597 verbose pkgid rsa@0.0.3
598 verbose cwd D:\dnp2p
599 error Windows_NT 10.0.10586
600 error argv "D:\\Packages\\nodejs\\node.exe" "D:\\Packages\\nodejs\\node_modules\\npm\\bin\\npm-cli.js" "install" "rsa"
601 error node v5.9.0
602 error npm  v3.7.3
603 error code ELIFECYCLE
604 error rsa@0.0.3 install: `node-waf configure build`
604 error Exit status 1
605 error Failed at the rsa@0.0.3 install script 'node-waf configure build'.
605 error Make sure you have the latest version of node.js and npm installed.
605 error If you do, this is most likely a problem with the rsa package,
605 error not with npm itself.
605 error Tell the author that this fails on your system:
605 error     node-waf configure build
605 error You can get information on how to open an issue for this project with:
605 error     npm bugs rsa
605 error Or if that isn't available, you can get their info via:
605 error     npm owner ls rsa
605 error There is likely additional logging output above.
606 verbose exit [ 1, true ]
